<?xml version="1.0" encoding="UTF-8"?>
<!--

    Copyright (C) 2013 Inera AB (http://www.inera.se)

    This file is part of Inera Axel (http://code.google.com/p/inera-axel).

    Inera Axel is free software: you can redistribute it and/or modify
    it under the terms of the GNU Lesser General Public License as published by
    the Free Software Foundation, either version 3 of the License, or
    (at your option) any later version.

    Inera Axel is distributed in the hope that it will be useful,
    but WITHOUT ANY WARRANTY; without even the implied warranty of
    MERCHANTABILITY or FITNESS FOR A PARTICULAR PURPOSE.  See the
    GNU Lesser General Public License for more details.

    You should have received a copy of the GNU Lesser General Public License
    along with this program.  If not, see <http://www.gnu.org/licenses/>

-->
<beans xmlns="http://www.springframework.org/schema/beans"
       xmlns:xsi="http://www.w3.org/2001/XMLSchema-instance"
       xmlns:camel="http://camel.apache.org/schema/spring"
       xmlns:context="http://www.springframework.org/schema/context"
       xsi:schemaLocation="http://www.springframework.org/schema/beans http://www.springframework.org/schema/beans/spring-beans.xsd
       http://camel.apache.org/schema/spring http://camel.apache.org/schema/spring/camel-spring.xsd
       http://www.springframework.org/schema/context http://www.springframework.org/schema/context/spring-context.xsd">

	<import resource="classpath:META-INF/spring/spring-context.xml"/>

    <bean id="bridgePropertyPlaceholder" class="org.apache.camel.spring.spi.BridgePropertyPlaceholderConfigurer">
        <property name="properties" ref="props"/>
        <property name="ignoreUnresolvablePlaceholders" value="true"/>
        <property name="ignoreResourceNotFound" value="true"/>
        <property name="systemPropertiesModeName" value="SYSTEM_PROPERTIES_MODE_OVERRIDE"/>
    </bean>

    <context:annotation-config/>

    <bean id="jmsConnectionFactory" class="org.apache.activemq.ActiveMQConnectionFactory">
       <property name="brokerURL" value="vm://axel?broker.persistent=false" />
    </bean>

    <bean class="se.inera.axel.shs.broker.rs.internal.MockConfig"/>

    <camel:errorHandler id="noErrorHandler" type="NoErrorHandler"/>

    <bean id="commonprops" class="org.springframework.beans.factory.config.PropertiesFactoryBean">
        <property name="singleton" value="false" />
        <property name="ignoreResourceNotFound" value="true" />

        <property name="properties">
            <props>
                <prop key="shsRsHttpEndpoint">http://localhost</prop>
                <prop key="shsRsPathPrefix">/shs/rs</prop>
                <prop key="shsRsHttpEndpoint.port">8585</prop>
                <prop key="nodeId">axel</prop>

                <prop key="shsRsKeyStoreParameters.resource">/certs/clientkeystore</prop>
                <prop key="shsRsKeyStoreParameters.type">jks</prop>
                <prop key="shsRsKeyStoreParameters.password">password</prop>

                <prop key="shsRsTrustStoreParameters.resource">/certs/ca-certs.jks</prop>
                <prop key="shsRsTrustStoreParameters.type">jks</prop>
                <prop key="shsRsTrustStoreParameters.password">password</prop>

                <prop key="orgId">0000000000</prop>

                <prop key="shsRsEnableStreamCaching">false</prop>

            </props>
        </property>
    </bean>
</beans>
